AH00558: httpd.exe: Could not reliably determine the server's fully qualified domain name, using fe80::f0c5:90bd:2abc:6214. Set the 'ServerName' directive globally to suppress this message
[Thu Feb 11 16:47:07.459405 2021] [mpm_winnt:notice] [pid 16332:tid 872] AH00455: Apache/2.4.43 (Win32) configured -- resuming normal operations
[Thu Feb 11 16:47:07.460405 2021] [mpm_winnt:notice] [pid 16332:tid 872] AH00456: Server built: Apr 21 2020 13:46:54
[Thu Feb 11 16:47:07.460405 2021] [core:notice] [pid 16332:tid 872] AH00094: Command line: 'C:\\Users\\Usuario\\AppData\\Roaming\\Local\\lightning-services\\apache-2.4.43+6\\bin\\win32\\bin\\httpd.exe -d C:/Users/Usuario/AppData/Roaming/Local/lightning-services/apache-2.4.43+6/bin/win32 -D FOREGROUND -f C:\\Users\\Usuario\\AppData\\Roaming\\Local\\run\\q4a1AyBLs\\conf\\apache\\apache2.conf'
[Thu Feb 11 16:47:07.463405 2021] [mpm_winnt:notice] [pid 16332:tid 872] AH00418: Parent: Created child process 7488
AH00558: httpd.exe: Could not reliably determine the server's fully qualified domain name, using fe80::f0c5:90bd:2abc:6214. Set the 'ServerName' directive globally to suppress this message
AH00558: httpd.exe: Could not reliably determine the server's fully qualified domain name, using fe80::f0c5:90bd:2abc:6214. Set the 'ServerName' directive globally to suppress this message
[Thu Feb 11 16:47:08.092548 2021] [mpm_winnt:notice] [pid 7488:tid 924] AH00354: Child: Starting 64 worker threads.
AH00558: httpd.exe: Could not reliably determine the server's fully qualified domain name, using fe80::f0c5:90bd:2abc:6214. Set the 'ServerName' directive globally to suppress this message
[Thu Feb 11 19:18:34.867810 2021] [core:warn] [pid 3840:tid 872] AH00098: pid file C:/Users/Usuario/AppData/Roaming/Local/run/q4a1AyBLs/apache/logs/httpd.pid overwritten -- Unclean shutdown of previous Apache run?
[Thu Feb 11 19:18:34.876525 2021] [mpm_winnt:notice] [pid 3840:tid 872] AH00455: Apache/2.4.43 (Win32) configured -- resuming normal operations
[Thu Feb 11 19:18:34.876525 2021] [mpm_winnt:notice] [pid 3840:tid 872] AH00456: Server built: Apr 21 2020 13:46:54
[Thu Feb 11 19:18:34.876525 2021] [core:notice] [pid 3840:tid 872] AH00094: Command line: 'C:\\Users\\Usuario\\AppData\\Roaming\\Local\\lightning-services\\apache-2.4.43+6\\bin\\win32\\bin\\httpd.exe -d C:/Users/Usuario/AppData/Roaming/Local/lightning-services/apache-2.4.43+6/bin/win32 -D FOREGROUND -f C:\\Users\\Usuario\\AppData\\Roaming\\Local\\run\\q4a1AyBLs\\conf\\apache\\apache2.conf'
[Thu Feb 11 19:18:34.878526 2021] [mpm_winnt:notice] [pid 3840:tid 872] AH00418: Parent: Created child process 8460
AH00558: httpd.exe: Could not reliably determine the server's fully qualified domain name, using fe80::f0c5:90bd:2abc:6214. Set the 'ServerName' directive globally to suppress this message
AH00558: httpd.exe: Could not reliably determine the server's fully qualified domain name, using fe80::f0c5:90bd:2abc:6214. Set the 'ServerName' directive globally to suppress this message
[Thu Feb 11 19:18:35.501166 2021] [mpm_winnt:notice] [pid 8460:tid 872] AH00354: Child: Starting 64 worker threads.
AH00558: httpd.exe: Could not reliably determine the server's fully qualified domain name, using fe80::f0c5:90bd:2abc:6214. Set the 'ServerName' directive globally to suppress this message
[Thu Feb 11 19:30:33.897538 2021] [core:warn] [pid 8276:tid 636] AH00098: pid file C:/Users/Usuario/AppData/Roaming/Local/run/q4a1AyBLs/apache/logs/httpd.pid overwritten -- Unclean shutdown of previous Apache run?
[Thu Feb 11 19:30:33.905540 2021] [mpm_winnt:notice] [pid 8276:tid 636] AH00455: Apache/2.4.43 (Win32) configured -- resuming normal operations
[Thu Feb 11 19:30:33.905540 2021] [mpm_winnt:notice] [pid 8276:tid 636] AH00456: Server built: Apr 21 2020 13:46:54
[Thu Feb 11 19:30:33.905540 2021] [core:notice] [pid 8276:tid 636] AH00094: Command line: 'C:\\Users\\Usuario\\AppData\\Roaming\\Local\\lightning-services\\apache-2.4.43+6\\bin\\win32\\bin\\httpd.exe -d C:/Users/Usuario/AppData/Roaming/Local/lightning-services/apache-2.4.43+6/bin/win32 -D FOREGROUND -f C:\\Users\\Usuario\\AppData\\Roaming\\Local\\run\\q4a1AyBLs\\conf\\apache\\apache2.conf'
[Thu Feb 11 19:30:33.908540 2021] [mpm_winnt:notice] [pid 8276:tid 636] AH00418: Parent: Created child process 9048
AH00558: httpd.exe: Could not reliably determine the server's fully qualified domain name, using fe80::f0c5:90bd:2abc:6214. Set the 'ServerName' directive globally to suppress this message
AH00558: httpd.exe: Could not reliably determine the server's fully qualified domain name, using fe80::f0c5:90bd:2abc:6214. Set the 'ServerName' directive globally to suppress this message
[Thu Feb 11 19:30:34.538014 2021] [mpm_winnt:notice] [pid 9048:tid 916] AH00354: Child: Starting 64 worker threads.
